<?xml version="1.0" encoding="UTF-8"?>
<!-- Generated by org.testng.reporters.JUnitReportReporter -->
<testsuite ignored="0" hostname="Mahams-MacBook-Air.local" failures="0" tests="1" name="restassure.DeleteData" time="2.201" errors="0" timestamp="25 May 2021 23:43:25 GMT" skipped="0">
  <testcase classname="restassure.DeleteData" name="AddData_01" time="2.201"/>
</testsuite> <!-- restassure.DeleteData -->
