<?xml version="1.0" encoding="UTF-8"?>
<!-- Generated by org.testng.reporters.JUnitReportReporter -->
<testsuite ignored="0" hostname="Mahams-MacBook-Air.local" failures="0" tests="1" name="restassure.GetData" time="12.006" errors="0" timestamp="26 May 2021 01:17:54 GMT" skipped="0">
  <testcase classname="restassure.GetData" name="GetData_01" time="12.006"/>
</testsuite> <!-- restassure.GetData -->
