<?xml version="1.0" encoding="UTF-8"?>
<!-- Generated by org.testng.reporters.JUnitReportReporter -->
<testsuite ignored="0" hostname="Mahams-MacBook-Air.local" failures="0" tests="1" name="restassure.UpdateData" time="0.697" errors="0" timestamp="25 May 2021 23:38:32 GMT" skipped="0">
  <testcase classname="restassure.UpdateData" name="UpdateData_01" time="0.697"/>
</testsuite> <!-- restassure.UpdateData -->
