<?xml version="1.0" encoding="UTF-8"?>
<!-- Generated by org.testng.reporters.JUnitReportReporter -->
<testsuite ignored="1" hostname="Mahams-MacBook-Air.local" failures="0" tests="3" name="restassure.Login" time="2.575" errors="0" timestamp="26 May 2021 01:14:19 GMT" skipped="0">
  <testcase classname="restassure.Login" name="Login_01" time="0.362"/>
  <testcase classname="restassure.Login" name="Login_03" time="0.251"/>
  <testcase classname="restassure.Login" name="Login_02" time="1.962"/>
  <testcase classname="restassure.AddData" name="AddData_01">
    <skipped/>
  </testcase> <!-- AddData_01 -->
</testsuite> <!-- restassure.Login -->
